<?xml version='1.0' encoding='UTF-8'?>
<testsuite hostname="C02XQ5JYJGH6" name="services.TransactionServiceSpec" tests="8" errors="0" failures="0" time="0.109">
                     <properties>
[...]
</properties>
                     <testcase classname="services.TransactionServiceSpec" name="calculateTotalsPerDay should correctly calculate totals given 1 day and 1 transaction for 1 account" time="0.041">
                                                 
                                               </testcase><testcase classname="services.TransactionServiceSpec" name="calculateTotalsPerDay should correctly calculate totals given 2 days, 2 categories, and 4 transactions for 2 accounts" time="0.003">
                                                 
                                               </testcase><testcase classname="services.TransactionServiceSpec" name="calculateAverageCategoriesPerAccount should calculate averages for 3 categories for 1 account" time="0.006">
                                                 
                                               </testcase><testcase classname="services.TransactionServiceSpec" name="calculateAverageCategoriesPerAccount should calculate averages for 1 category for 1 account" time="0.001">
                                                 
                                               </testcase><testcase classname="services.TransactionServiceSpec" name="calculateAverageCategoriesPerAccount should calculate averages for 3 categories for 3 accounts" time="0.006">
                                                 
                                               </testcase><testcase classname="services.TransactionServiceSpec" name="calculateAverageCategoriesPerAccount should calculate averages for 1 category for 3 accounts" time="0.005">
                                                 
                                               </testcase><testcase classname="services.TransactionServiceSpec" name="rollingPeriodCalculations should identify 1 account, and calculate a 10 day period" time="0.044">
                                                 
                                               </testcase><testcase classname="services.TransactionServiceSpec" name="rollingPeriodCalculations should identify 2 accounts, and calculate a 5 day period" time="0.003">
                                                 
                                               </testcase>
                     <system-out></system-out>
                     <system-err></system-err>
                   </testsuite>